c:\users\liangshe.li_sx\source\repos\playsound3\playsound2\release\moc_playsound2.obj
c:\users\liangshe.li_sx\source\repos\playsound3\playsound2\release\qrc_playsound2.obj
c:\users\liangshe.li_sx\source\repos\playsound3\playsound2\release\playsound2.obj
c:\users\liangshe.li_sx\source\repos\playsound3\playsound2\release\main.obj
c:\users\liangshe.li_sx\source\repos\playsound3\release\playsound2.exe
c:\users\liangshe.li_sx\source\repos\playsound3\playsound2\release\moc\moc_playsound2.cpp
c:\users\liangshe.li_sx\source\repos\playsound3\playsound2\release\uic\ui_playsound2.h
c:\users\liangshe.li_sx\source\repos\playsound3\playsound2\release\rcc\qrc_playsound2.cpp
c:\users\liangshe.li_sx\source\repos\playsound3\playsound2\release\playsound2.tlog\cl.15964.write.1.tlog
c:\users\liangshe.li_sx\source\repos\playsound3\playsound2\release\playsound2.tlog\cl.command.1.tlog
c:\users\liangshe.li_sx\source\repos\playsound3\playsound2\release\playsound2.tlog\cl.read.1.tlog
c:\users\liangshe.li_sx\source\repos\playsound3\playsound2\release\playsound2.tlog\link.command.1.tlog
c:\users\liangshe.li_sx\source\repos\playsound3\playsound2\release\playsound2.tlog\link.read.1.tlog
c:\users\liangshe.li_sx\source\repos\playsound3\playsound2\release\playsound2.tlog\link.write.1.tlog
c:\users\liangshe.li_sx\source\repos\playsound3\playsound2\release\playsound2.tlog\moc.read.1u.tlog
c:\users\liangshe.li_sx\source\repos\playsound3\playsound2\release\playsound2.tlog\moc.write.1u.tlog
c:\users\liangshe.li_sx\source\repos\playsound3\playsound2\release\playsound2.tlog\playsound2.write.1u.tlog
c:\users\liangshe.li_sx\source\repos\playsound3\playsound2\release\playsound2.tlog\rcc.read.1u.tlog
c:\users\liangshe.li_sx\source\repos\playsound3\playsound2\release\playsound2.tlog\rcc.write.1u.tlog
c:\users\liangshe.li_sx\source\repos\playsound3\playsound2\release\playsound2.tlog\uic.read.1u.tlog
c:\users\liangshe.li_sx\source\repos\playsound3\playsound2\release\playsound2.tlog\uic.write.1u.tlog
